<?xml version="1.0" encoding="UTF-8"?>
<!-- Generated by org.testng.reporters.JUnitReportReporter -->
<testsuite hostname="DESKTOP-E7HVEAG" failures="0" tests="1" name="SignUpTest" time="11.499" errors="0" timestamp="23 May 2019 12:30:01 GMT" skipped="0">
  <testcase classname="SignUpTest" name="singUp" time="11.499"/>
</testsuite> <!-- SignUpTest -->
